Using pre-set license
Built from '2021.1/release' branch; Version is '2021.1.4f1 (4cd64a618c1b) revision 5035594'; Using compiler version '192528614'; Build Type 'Release'
OS: 'Windows 10 Pro; OS build 19044.1526; Version 2009; 64bit' Language: 'de' Physical Memory: 32673 MB
BatchMode: 1, IsHumanControllingUs: 0, StartBugReporterOnCrash: 0, Is64bit: 1, IsPro: 0

 COMMAND LINE ARGUMENTS:
E:\2021.1.4f1\Editor\Unity.exe
-adb2
-batchMode
-noUpm
-name
AssetImportWorker0
-projectPath
E:/GitHub/CBFI/CB Fighting game
-logFile
Logs/AssetImportWorker0.log
-srvPort
51036
Successfully changed project path to: E:/GitHub/CBFI/CB Fighting game
E:/GitHub/CBFI/CB Fighting game
Using Asset Import Pipeline V2.
Refreshing native plugins compatible for Editor in 41.29 ms, found 1 plugins.
Preloading 0 native plugins for Editor in 0.00 ms.
Initialize engine version: 2021.1.4f1 (4cd64a618c1b)
[Subsystems] Discovering subsystems at path E:/2021.1.4f1/Editor/Data/Resources/UnitySubsystems
[Subsystems] Discovering subsystems at path E:/GitHub/CBFI/CB Fighting game/Assets
GfxDevice: creating device client; threaded=0; jobified=0
Direct3D:
    Version:  Direct3D 11.0 [level 11.1]
    Renderer: NVIDIA GeForce RTX 3070 Ti (ID=0x2482)
    Vendor:   NVIDIA
    VRAM:     8041 MB
    Driver:   30.0.15.1165
Shader 'Universal Render Pipeline/Particles/Lit': fallback shader 'Universal Render Pipeline/Particles/SimpleLit' not found
Initialize mono
Mono path[0] = 'E:/2021.1.4f1/Editor/Data/Managed'
Mono path[1] = 'E:/2021.1.4f1/Editor/Data/MonoBleedingEdge/lib/mono/unityjit'
Mono config path = 'E:/2021.1.4f1/Editor/Data/MonoBleedingEdge/etc'
Using monoOptions --debugger-agent=transport=dt_socket,embedding=1,server=y,suspend=n,address=127.0.0.1:56528
Begin MonoManager ReloadAssembly
Registering precompiled unity dll's ...
Register platform support module: E:/2021.1.4f1/Editor/Data/PlaybackEngines/WindowsStandaloneSupport/UnityEditor.WindowsStandalone.Extensions.dll
Registered in 0.000760 seconds.
Native extension for WindowsStandalone target not found
Refreshing native plugins compatible for Editor in 40.41 ms, found 1 plugins.
Preloading 0 native plugins for Editor in 0.00 ms.
Mono: successfully reloaded assembly
- Completed reload, in  1.264 seconds
Platform modules already initialized, skipping
Registering precompiled user dll's ...
Registered in 0.000887 seconds.
Begin MonoManager ReloadAssembly
Native extension for WindowsStandalone target not found
Refreshing native plugins compatible for Editor in 40.13 ms, found 1 plugins.
Preloading 0 native plugins for Editor in 0.00 ms.
Mono: successfully reloaded assembly
- Completed reload, in  0.654 seconds
Platform modules already initialized, skipping
========================================================================
Worker process is ready to serve import requests
Shader 'Universal Render Pipeline/Particles/Lit': fallback shader 'Universal Render Pipeline/Particles/SimpleLit' not found
Launched and connected shader compiler UnityShaderCompiler.exe after 0.03 seconds
Refreshing native plugins compatible for Editor in 0.62 ms, found 1 plugins.
Preloading 0 native plugins for Editor in 0.00 ms.
Unloading 3216 Unused Serialized files (Serialized files now loaded: 0)
System memory in use before: 145.9 MB.
System memory in use after: 146.1 MB.

Unloading 20 unused Assets to reduce memory usage. Loaded Objects now: 3683.
Total: 2.221700 ms (FindLiveObjects: 0.226900 ms CreateObjectMapping: 0.079700 ms MarkObjects: 1.862500 ms  DeleteObjects: 0.051800 ms)

========================================================================
Received Import Request.
  path: Assets/Prefabs/FlyingEnemy.prefab
  artifactKey: Guid(b86f7a9689f5c374486e6721ee224348) Importer(815301076,1909f56bfc062723c751e8b465ee728b)
Start importing Assets/Prefabs/FlyingEnemy.prefab using Guid(b86f7a9689f5c374486e6721ee224348) Importer(815301076,1909f56bfc062723c751e8b465ee728b)  -> (artifact id: '351234ca2e1811abcd8e1a61a78477b9') in 0.182739 seconds 
========================================================================
Received Prepare
Registering precompiled user dll's ...
Registered in 0.001079 seconds.
Begin MonoManager ReloadAssembly
Native extension for WindowsStandalone target not found
Refreshing native plugins compatible for Editor in 0.62 ms, found 1 plugins.
Preloading 0 native plugins for Editor in 0.00 ms.
Mono: successfully reloaded assembly
- Completed reload, in  0.643 seconds
Platform modules already initialized, skipping
Switching build target platform(19) subTarget(0) extendedPlatform(0) -> platform(13) subTarget(537395200) extendedPlatform(0)
Shader 'Universal Render Pipeline/Particles/Lit': fallback shader 'Universal Render Pipeline/Particles/SimpleLit' not found
Refreshing native plugins compatible for Editor in 0.63 ms, found 1 plugins.
Preloading 0 native plugins for Editor in 0.00 ms.
Unloading 3088 Unused Serialized files (Serialized files now loaded: 0)
System memory in use before: 141.9 MB.
System memory in use after: 142.1 MB.

Unloading 9 unused Assets to reduce memory usage. Loaded Objects now: 3733.
Total: 2.444200 ms (FindLiveObjects: 0.257100 ms CreateObjectMapping: 0.098700 ms MarkObjects: 2.074700 ms  DeleteObjects: 0.012900 ms)

AssetImportParameters requested are different than current active one (requested -> active):
  custom:graphics/normal-map-encoding: 01000000000000000000000000000000 -> 02000000000000000000000000000000
========================================================================
Received Import Request.
  Time since last request: 1393.225278 seconds.
  path: Assets/Scenes/Menu.unity
  artifactKey: Guid(854b6bfe28aba664e854c0a675129bda) Importer(815301076,1909f56bfc062723c751e8b465ee728b)
Start importing Assets/Scenes/Menu.unity using Guid(854b6bfe28aba664e854c0a675129bda) Importer(815301076,1909f56bfc062723c751e8b465ee728b)  -> (artifact id: '6d3e15925f02a704d1ad95d9f1be39e2') in 0.012585 seconds 
========================================================================
Received Import Request.
  Time since last request: 764.185307 seconds.
  path: Assets/Textures/eyyy.png
  artifactKey: Guid(2da5a6fe3ba9a2848a4ad40e8cde7b9d) Importer(815301076,1909f56bfc062723c751e8b465ee728b)
Start importing Assets/Textures/eyyy.png using Guid(2da5a6fe3ba9a2848a4ad40e8cde7b9d) Importer(815301076,1909f56bfc062723c751e8b465ee728b)  -> (artifact id: 'd79cbd8087b9ad1376865afb3a8d5451') in 0.062067 seconds 
========================================================================
Received Import Request.
  Time since last request: 6.592405 seconds.
  path: Assets/Textures/eyyy.png
  artifactKey: Guid(2da5a6fe3ba9a2848a4ad40e8cde7b9d) Importer(815301076,1909f56bfc062723c751e8b465ee728b)
Start importing Assets/Textures/eyyy.png using Guid(2da5a6fe3ba9a2848a4ad40e8cde7b9d) Importer(815301076,1909f56bfc062723c751e8b465ee728b)  -> (artifact id: 'eabfbc896b96f15e7dd07e0dfb5c6e66') in 0.014392 seconds 
========================================================================
Received Prepare
Registering precompiled user dll's ...
Registered in 0.001081 seconds.
Begin MonoManager ReloadAssembly
Native extension for WindowsStandalone target not found
Refreshing native plugins compatible for Editor in 0.70 ms, found 1 plugins.
Preloading 0 native plugins for Editor in 0.00 ms.
Mono: successfully reloaded assembly
- Completed reload, in  0.634 seconds
Platform modules already initialized, skipping
Switching build target platform(19) subTarget(0) extendedPlatform(0) -> platform(13) subTarget(537395200) extendedPlatform(0)
Shader 'Universal Render Pipeline/Particles/Lit': fallback shader 'Universal Render Pipeline/Particles/SimpleLit' not found
Refreshing native plugins compatible for Editor in 0.62 ms, found 1 plugins.
Preloading 0 native plugins for Editor in 0.00 ms.
Unloading 3089 Unused Serialized files (Serialized files now loaded: 0)
System memory in use before: 151.3 MB.
System memory in use after: 151.6 MB.

Unloading 9 unused Assets to reduce memory usage. Loaded Objects now: 3769.
Total: 2.418000 ms (FindLiveObjects: 0.275600 ms CreateObjectMapping: 0.086300 ms MarkObjects: 2.043300 ms  DeleteObjects: 0.012100 ms)

AssetImportParameters requested are different than current active one (requested -> active):
  custom:graphics/normal-map-encoding: 01000000000000000000000000000000 -> 02000000000000000000000000000000
========================================================================
Received Prepare
Registering precompiled user dll's ...
Registered in 0.001130 seconds.
Begin MonoManager ReloadAssembly
Native extension for WindowsStandalone target not found
Refreshing native plugins compatible for Editor in 1.05 ms, found 1 plugins.
Preloading 0 native plugins for Editor in 0.00 ms.
Mono: successfully reloaded assembly
- Completed reload, in  0.623 seconds
Platform modules already initialized, skipping
Switching build target platform(19) subTarget(0) extendedPlatform(0) -> platform(13) subTarget(537395200) extendedPlatform(0)
Shader 'Universal Render Pipeline/Particles/Lit': fallback shader 'Universal Render Pipeline/Particles/SimpleLit' not found
Refreshing native plugins compatible for Editor in 0.62 ms, found 1 plugins.
Preloading 0 native plugins for Editor in 0.00 ms.
Unloading 3088 Unused Serialized files (Serialized files now loaded: 0)
System memory in use before: 151.3 MB.
System memory in use after: 151.6 MB.

Unloading 9 unused Assets to reduce memory usage. Loaded Objects now: 3772.
Total: 2.329800 ms (FindLiveObjects: 0.250200 ms CreateObjectMapping: 0.078600 ms MarkObjects: 1.988800 ms  DeleteObjects: 0.011200 ms)

AssetImportParameters requested are different than current active one (requested -> active):
  custom:graphics/normal-map-encoding: 01000000000000000000000000000000 -> 02000000000000000000000000000000
========================================================================
Received Prepare
Registering precompiled user dll's ...
Registered in 0.001686 seconds.
Begin MonoManager ReloadAssembly
Native extension for WindowsStandalone target not found
Refreshing native plugins compatible for Editor in 0.81 ms, found 1 plugins.
Preloading 0 native plugins for Editor in 0.00 ms.
Mono: successfully reloaded assembly
- Completed reload, in  0.613 seconds
Platform modules already initialized, skipping
Switching build target platform(19) subTarget(0) extendedPlatform(0) -> platform(13) subTarget(537395200) extendedPlatform(0)
Shader 'Universal Render Pipeline/Particles/Lit': fallback shader 'Universal Render Pipeline/Particles/SimpleLit' not found
Refreshing native plugins compatible for Editor in 0.65 ms, found 1 plugins.
Preloading 0 native plugins for Editor in 0.00 ms.
Unloading 3088 Unused Serialized files (Serialized files now loaded: 0)
System memory in use before: 151.4 MB.
System memory in use after: 151.6 MB.

Unloading 9 unused Assets to reduce memory usage. Loaded Objects now: 3775.
Total: 3.331600 ms (FindLiveObjects: 0.249400 ms CreateObjectMapping: 0.084700 ms MarkObjects: 2.979100 ms  DeleteObjects: 0.017600 ms)

AssetImportParameters requested are different than current active one (requested -> active):
  custom:graphics/normal-map-encoding: 01000000000000000000000000000000 -> 02000000000000000000000000000000
========================================================================
Received Prepare
Registering precompiled user dll's ...
Registered in 0.001010 seconds.
Begin MonoManager ReloadAssembly
Native extension for WindowsStandalone target not found
Refreshing native plugins compatible for Editor in 0.64 ms, found 1 plugins.
Preloading 0 native plugins for Editor in 0.00 ms.
Mono: successfully reloaded assembly
- Completed reload, in  0.629 seconds
Platform modules already initialized, skipping
Switching build target platform(19) subTarget(0) extendedPlatform(0) -> platform(13) subTarget(537395200) extendedPlatform(0)
Shader 'Universal Render Pipeline/Particles/Lit': fallback shader 'Universal Render Pipeline/Particles/SimpleLit' not found
Refreshing native plugins compatible for Editor in 0.66 ms, found 1 plugins.
Preloading 0 native plugins for Editor in 0.00 ms.
Unloading 3088 Unused Serialized files (Serialized files now loaded: 0)
System memory in use before: 151.4 MB.
System memory in use after: 151.7 MB.

Unloading 9 unused Assets to reduce memory usage. Loaded Objects now: 3778.
Total: 2.414200 ms (FindLiveObjects: 0.280000 ms CreateObjectMapping: 0.079300 ms MarkObjects: 2.043000 ms  DeleteObjects: 0.011100 ms)

AssetImportParameters requested are different than current active one (requested -> active):
  custom:graphics/normal-map-encoding: 01000000000000000000000000000000 -> 02000000000000000000000000000000
========================================================================
Received Prepare
Registering precompiled user dll's ...
Registered in 0.001432 seconds.
Begin MonoManager ReloadAssembly
Native extension for WindowsStandalone target not found
Refreshing native plugins compatible for Editor in 0.64 ms, found 1 plugins.
Preloading 0 native plugins for Editor in 0.00 ms.
Mono: successfully reloaded assembly
- Completed reload, in  0.664 seconds
Platform modules already initialized, skipping
Switching build target platform(19) subTarget(0) extendedPlatform(0) -> platform(13) subTarget(537395200) extendedPlatform(0)
Shader 'Universal Render Pipeline/Particles/Lit': fallback shader 'Universal Render Pipeline/Particles/SimpleLit' not found
Refreshing native plugins compatible for Editor in 0.67 ms, found 1 plugins.
Preloading 0 native plugins for Editor in 0.00 ms.
Unloading 3088 Unused Serialized files (Serialized files now loaded: 0)
System memory in use before: 151.5 MB.
System memory in use after: 151.7 MB.

Unloading 9 unused Assets to reduce memory usage. Loaded Objects now: 3781.
Total: 2.379100 ms (FindLiveObjects: 0.254600 ms CreateObjectMapping: 0.070600 ms MarkObjects: 2.041900 ms  DeleteObjects: 0.011300 ms)

AssetImportParameters requested are different than current active one (requested -> active):
  custom:graphics/normal-map-encoding: 01000000000000000000000000000000 -> 02000000000000000000000000000000
========================================================================
Received Import Request.
  Time since last request: 1240.820857 seconds.
  path: Assets/Textures/plll.png
  artifactKey: Guid(237f7f768af46e14e830f00217a40516) Importer(815301076,1909f56bfc062723c751e8b465ee728b)
Start importing Assets/Textures/plll.png using Guid(237f7f768af46e14e830f00217a40516) Importer(815301076,1909f56bfc062723c751e8b465ee728b)  -> (artifact id: 'df17fae01712db44986acebd8206bf02') in 0.049422 seconds 
========================================================================
Received Import Request.
  Time since last request: 4.534351 seconds.
  path: Assets/Textures/plll.png
  artifactKey: Guid(237f7f768af46e14e830f00217a40516) Importer(815301076,1909f56bfc062723c751e8b465ee728b)
Start importing Assets/Textures/plll.png using Guid(237f7f768af46e14e830f00217a40516) Importer(815301076,1909f56bfc062723c751e8b465ee728b)  -> (artifact id: '2caf0b5c4d47684cb971946a9cf804c5') in 0.009806 seconds 
========================================================================
Received Prepare
Registering precompiled user dll's ...
Registered in 0.000953 seconds.
Begin MonoManager ReloadAssembly
Native extension for WindowsStandalone target not found
Refreshing native plugins compatible for Editor in 0.64 ms, found 1 plugins.
Preloading 0 native plugins for Editor in 0.00 ms.
Mono: successfully reloaded assembly
- Completed reload, in  0.608 seconds
Platform modules already initialized, skipping
Switching build target platform(19) subTarget(0) extendedPlatform(0) -> platform(13) subTarget(537395200) extendedPlatform(0)
Shader 'Universal Render Pipeline/Particles/Lit': fallback shader 'Universal Render Pipeline/Particles/SimpleLit' not found
Refreshing native plugins compatible for Editor in 0.52 ms, found 1 plugins.
Preloading 0 native plugins for Editor in 0.00 ms.
Unloading 3089 Unused Serialized files (Serialized files now loaded: 0)
System memory in use before: 156.2 MB.
System memory in use after: 156.4 MB.

Unloading 9 unused Assets to reduce memory usage. Loaded Objects now: 3815.
Total: 2.593200 ms (FindLiveObjects: 0.260400 ms CreateObjectMapping: 0.078300 ms MarkObjects: 2.240500 ms  DeleteObjects: 0.012900 ms)

AssetImportParameters requested are different than current active one (requested -> active):
  custom:graphics/normal-map-encoding: 01000000000000000000000000000000 -> 02000000000000000000000000000000
========================================================================
Received Prepare
Registering precompiled user dll's ...
Registered in 0.000985 seconds.
Begin MonoManager ReloadAssembly
Native extension for WindowsStandalone target not found
Refreshing native plugins compatible for Editor in 0.64 ms, found 1 plugins.
Preloading 0 native plugins for Editor in 0.00 ms.
Mono: successfully reloaded assembly
- Completed reload, in  0.611 seconds
Platform modules already initialized, skipping
Switching build target platform(19) subTarget(0) extendedPlatform(0) -> platform(13) subTarget(537395200) extendedPlatform(0)
Shader 'Universal Render Pipeline/Particles/Lit': fallback shader 'Universal Render Pipeline/Particles/SimpleLit' not found
Refreshing native plugins compatible for Editor in 0.49 ms, found 1 plugins.
Preloading 0 native plugins for Editor in 0.00 ms.
Unloading 3088 Unused Serialized files (Serialized files now loaded: 0)
System memory in use before: 156.2 MB.
System memory in use after: 156.4 MB.

Unloading 9 unused Assets to reduce memory usage. Loaded Objects now: 3818.
Total: 2.204700 ms (FindLiveObjects: 0.214600 ms CreateObjectMapping: 0.093900 ms MarkObjects: 1.884100 ms  DeleteObjects: 0.011400 ms)

AssetImportParameters requested are different than current active one (requested -> active):
  custom:graphics/normal-map-encoding: 01000000000000000000000000000000 -> 02000000000000000000000000000000
========================================================================
Received Import Request.
  Time since last request: 2167.797572 seconds.
  path: Assets/Textures/pppp.png
  artifactKey: Guid(e4bfb67edf9d12b47a1964d6b9c5da09) Importer(815301076,1909f56bfc062723c751e8b465ee728b)
Start importing Assets/Textures/pppp.png using Guid(e4bfb67edf9d12b47a1964d6b9c5da09) Importer(815301076,1909f56bfc062723c751e8b465ee728b)  -> (artifact id: '7f550b51c8af9555be530b9a53e35b02') in 0.044568 seconds 
========================================================================
Received Import Request.
  Time since last request: 6.237366 seconds.
  path: Assets/Textures/pppp.png
  artifactKey: Guid(e4bfb67edf9d12b47a1964d6b9c5da09) Importer(815301076,1909f56bfc062723c751e8b465ee728b)
Start importing Assets/Textures/pppp.png using Guid(e4bfb67edf9d12b47a1964d6b9c5da09) Importer(815301076,1909f56bfc062723c751e8b465ee728b)  -> (artifact id: 'f554457f76f1a67ec955376c4c6d607d') in 0.014294 seconds 
========================================================================
Received Import Request.
  Time since last request: 91.100438 seconds.
  path: Assets/Textures/panel 1.png
  artifactKey: Guid(09b988c2925475d4dbc427e17624c808) Importer(815301076,1909f56bfc062723c751e8b465ee728b)
Start importing Assets/Textures/panel 1.png using Guid(09b988c2925475d4dbc427e17624c808) Importer(815301076,1909f56bfc062723c751e8b465ee728b)  -> (artifact id: '38a280e0beace952c3f35079dc169039') in 0.014640 seconds 
========================================================================
Received Import Request.
  Time since last request: 8.975893 seconds.
  path: Assets/Textures/pppp 1.png
  artifactKey: Guid(b1b6e7ed0f2bde444b0426bb61c614dc) Importer(815301076,1909f56bfc062723c751e8b465ee728b)
Start importing Assets/Textures/pppp 1.png using Guid(b1b6e7ed0f2bde444b0426bb61c614dc) Importer(815301076,1909f56bfc062723c751e8b465ee728b)  -> (artifact id: '22aba46abdf9e8bbcd058897f6225cfe') in 0.014042 seconds 
========================================================================
Received Import Request.
  Time since last request: 4.561672 seconds.
  path: Assets/Textures/pppp 1.png
  artifactKey: Guid(b1b6e7ed0f2bde444b0426bb61c614dc) Importer(815301076,1909f56bfc062723c751e8b465ee728b)
Start importing Assets/Textures/pppp 1.png using Guid(b1b6e7ed0f2bde444b0426bb61c614dc) Importer(815301076,1909f56bfc062723c751e8b465ee728b)  -> (artifact id: 'c9555a32bfa3bcf755ec37aca66eaf85') in 0.016705 seconds 
========================================================================
Received Import Request.
  Time since last request: 252.026728 seconds.
  path: Assets/Scenes/Skills.unity
  artifactKey: Guid(3a35de371fef96441bfd021d063969a7) Importer(815301076,1909f56bfc062723c751e8b465ee728b)
Start importing Assets/Scenes/Skills.unity using Guid(3a35de371fef96441bfd021d063969a7) Importer(815301076,1909f56bfc062723c751e8b465ee728b)  -> (artifact id: '079a3bd97e53e7832620de9ad5804f95') in 0.002493 seconds 
========================================================================
Received Import Request.
  Time since last request: 7.463225 seconds.
  path: Assets/Scenes/GameScene.unity
  artifactKey: Guid(2cda990e2423bbf4892e6590ba056729) Importer(815301076,1909f56bfc062723c751e8b465ee728b)
Start importing Assets/Scenes/GameScene.unity using Guid(2cda990e2423bbf4892e6590ba056729) Importer(815301076,1909f56bfc062723c751e8b465ee728b)  -> (artifact id: '5c42c76e69b46eed57270a334c2dcb2a') in 0.002232 seconds 
========================================================================
Received Prepare
Registering precompiled user dll's ...
Registered in 0.000924 seconds.
Begin MonoManager ReloadAssembly
Native extension for WindowsStandalone target not found
Refreshing native plugins compatible for Editor in 0.62 ms, found 1 plugins.
Preloading 0 native plugins for Editor in 0.00 ms.
Mono: successfully reloaded assembly
- Completed reload, in  0.612 seconds
Platform modules already initialized, skipping
Switching build target platform(19) subTarget(0) extendedPlatform(0) -> platform(13) subTarget(537395200) extendedPlatform(0)
Shader 'Universal Render Pipeline/Particles/Lit': fallback shader 'Universal Render Pipeline/Particles/SimpleLit' not found
Refreshing native plugins compatible for Editor in 0.61 ms, found 1 plugins.
Preloading 0 native plugins for Editor in 0.00 ms.
Unloading 3090 Unused Serialized files (Serialized files now loaded: 0)
System memory in use before: 165.7 MB.
System memory in use after: 165.9 MB.

Unloading 9 unused Assets to reduce memory usage. Loaded Objects now: 3896.
Total: 2.136600 ms (FindLiveObjects: 0.212300 ms CreateObjectMapping: 0.068200 ms MarkObjects: 1.842900 ms  DeleteObjects: 0.012500 ms)

AssetImportParameters requested are different than current active one (requested -> active):
  custom:graphics/normal-map-encoding: 01000000000000000000000000000000 -> 02000000000000000000000000000000
========================================================================
Received Import Request.
  Time since last request: 4.140933 seconds.
  path: Assets/Scenes/Menu.unity
  artifactKey: Guid(854b6bfe28aba664e854c0a675129bda) Importer(815301076,1909f56bfc062723c751e8b465ee728b)
Start importing Assets/Scenes/Menu.unity using Guid(854b6bfe28aba664e854c0a675129bda) Importer(815301076,1909f56bfc062723c751e8b465ee728b)  -> (artifact id: '2f9637c0783528f30035e61d4aa77e2d') in 0.011408 seconds 
========================================================================
Received Prepare
Registering precompiled user dll's ...
Registered in 0.001040 seconds.
Begin MonoManager ReloadAssembly
Native extension for WindowsStandalone target not found
Refreshing native plugins compatible for Editor in 0.62 ms, found 1 plugins.
Preloading 0 native plugins for Editor in 0.00 ms.
Mono: successfully reloaded assembly
- Completed reload, in  0.607 seconds
Platform modules already initialized, skipping
Switching build target platform(19) subTarget(0) extendedPlatform(0) -> platform(13) subTarget(537395200) extendedPlatform(0)
Shader 'Universal Render Pipeline/Particles/Lit': fallback shader 'Universal Render Pipeline/Particles/SimpleLit' not found
Refreshing native plugins compatible for Editor in 0.53 ms, found 1 plugins.
Preloading 0 native plugins for Editor in 0.00 ms.
Unloading 3088 Unused Serialized files (Serialized files now loaded: 0)
System memory in use before: 165.6 MB.
System memory in use after: 165.9 MB.

Unloading 9 unused Assets to reduce memory usage. Loaded Objects now: 3899.
Total: 2.525700 ms (FindLiveObjects: 0.271100 ms CreateObjectMapping: 0.115000 ms MarkObjects: 2.125100 ms  DeleteObjects: 0.013700 ms)

AssetImportParameters requested are different than current active one (requested -> active):
  custom:graphics/normal-map-encoding: 01000000000000000000000000000000 -> 02000000000000000000000000000000
========================================================================
Received Import Request.
  Time since last request: 1128.189848 seconds.
  path: Assets/Textures/lil ball.png
  artifactKey: Guid(7da916df77ccddd498c587751ccee7f1) Importer(815301076,1909f56bfc062723c751e8b465ee728b)
Start importing Assets/Textures/lil ball.png using Guid(7da916df77ccddd498c587751ccee7f1) Importer(815301076,1909f56bfc062723c751e8b465ee728b)  -> (artifact id: 'f2a68f18ca8e552272fce6d5fd594a74') in 0.040979 seconds 
========================================================================
Received Import Request.
  Time since last request: 11.461360 seconds.
  path: Assets/Textures/lil ball.png
  artifactKey: Guid(7da916df77ccddd498c587751ccee7f1) Importer(815301076,1909f56bfc062723c751e8b465ee728b)
Start importing Assets/Textures/lil ball.png using Guid(7da916df77ccddd498c587751ccee7f1) Importer(815301076,1909f56bfc062723c751e8b465ee728b)  -> (artifact id: '2c0deea9cc07bf3150eac241e3db6e51') in 0.012982 seconds 
========================================================================
Received Import Request.
  Time since last request: 282.555252 seconds.
  path: Assets/Textures/panel6.png
  artifactKey: Guid(862e8857eee9745459c623c0b72a826d) Importer(815301076,1909f56bfc062723c751e8b465ee728b)
Start importing Assets/Textures/panel6.png using Guid(862e8857eee9745459c623c0b72a826d) Importer(815301076,1909f56bfc062723c751e8b465ee728b)  -> (artifact id: 'dc20676c389fedf798df006062e6a862') in 0.011594 seconds 
========================================================================
Received Import Request.
  Time since last request: 5.412993 seconds.
  path: Assets/Textures/panel6.png
  artifactKey: Guid(862e8857eee9745459c623c0b72a826d) Importer(815301076,1909f56bfc062723c751e8b465ee728b)
Start importing Assets/Textures/panel6.png using Guid(862e8857eee9745459c623c0b72a826d) Importer(815301076,1909f56bfc062723c751e8b465ee728b)  -> (artifact id: '232cbc6653312236fffc1819a3e779db') in 0.008788 seconds 
========================================================================
Received Prepare
Registering precompiled user dll's ...
Registered in 0.001022 seconds.
Begin MonoManager ReloadAssembly
Native extension for WindowsStandalone target not found
Refreshing native plugins compatible for Editor in 0.62 ms, found 1 plugins.
Preloading 0 native plugins for Editor in 0.00 ms.
Mono: successfully reloaded assembly
- Completed reload, in  0.621 seconds
Platform modules already initialized, skipping
Switching build target platform(19) subTarget(0) extendedPlatform(0) -> platform(13) subTarget(537395200) extendedPlatform(0)
Shader 'Universal Render Pipeline/Particles/Lit': fallback shader 'Universal Render Pipeline/Particles/SimpleLit' not found
Refreshing native plugins compatible for Editor in 0.37 ms, found 1 plugins.
Preloading 0 native plugins for Editor in 0.00 ms.
Unloading 3090 Unused Serialized files (Serialized files now loaded: 0)
System memory in use before: 172.3 MB.
System memory in use after: 172.5 MB.

Unloading 9 unused Assets to reduce memory usage. Loaded Objects now: 3963.
Total: 2.245500 ms (FindLiveObjects: 0.264200 ms CreateObjectMapping: 0.079100 ms MarkObjects: 1.887600 ms  DeleteObjects: 0.013900 ms)

AssetImportParameters requested are different than current active one (requested -> active):
  custom:graphics/normal-map-encoding: 01000000000000000000000000000000 -> 02000000000000000000000000000000
========================================================================
Received Prepare
Registering precompiled user dll's ...
Registered in 0.000953 seconds.
Begin MonoManager ReloadAssembly
Native extension for WindowsStandalone target not found
Refreshing native plugins compatible for Editor in 0.63 ms, found 1 plugins.
Preloading 0 native plugins for Editor in 0.00 ms.
Mono: successfully reloaded assembly
- Completed reload, in  0.619 seconds
Platform modules already initialized, skipping
Switching build target platform(19) subTarget(0) extendedPlatform(0) -> platform(13) subTarget(537395200) extendedPlatform(0)
Shader 'Universal Render Pipeline/Particles/Lit': fallback shader 'Universal Render Pipeline/Particles/SimpleLit' not found
Refreshing native plugins compatible for Editor in 0.42 ms, found 1 plugins.
Preloading 0 native plugins for Editor in 0.00 ms.
Unloading 3088 Unused Serialized files (Serialized files now loaded: 0)
System memory in use before: 172.2 MB.
System memory in use after: 172.4 MB.

Unloading 9 unused Assets to reduce memory usage. Loaded Objects now: 3966.
Total: 2.478800 ms (FindLiveObjects: 0.255000 ms CreateObjectMapping: 0.110500 ms MarkObjects: 2.098600 ms  DeleteObjects: 0.013700 ms)

AssetImportParameters requested are different than current active one (requested -> active):
  custom:graphics/normal-map-encoding: 01000000000000000000000000000000 -> 02000000000000000000000000000000
========================================================================
Received Import Request.
  Time since last request: 737.628700 seconds.
  path: Assets/Textures/weapon switch2.pdn
  artifactKey: Guid(54c2538bc6c924441912b7f5400a7258) Importer(815301076,1909f56bfc062723c751e8b465ee728b)
Start importing Assets/Textures/weapon switch2.pdn using Guid(54c2538bc6c924441912b7f5400a7258) Importer(815301076,1909f56bfc062723c751e8b465ee728b)  -> (artifact id: 'be2c3497ad75dc873dac006ce2e9e5bc') in 0.013789 seconds 
========================================================================
Received Import Request.
  Time since last request: 100.286434 seconds.
  path: Assets/Textures/weapon switch2.png
  artifactKey: Guid(c5e60a2cf6e79df4db32f8da88bb65ba) Importer(815301076,1909f56bfc062723c751e8b465ee728b)
Start importing Assets/Textures/weapon switch2.png using Guid(c5e60a2cf6e79df4db32f8da88bb65ba) Importer(815301076,1909f56bfc062723c751e8b465ee728b)  -> (artifact id: '1e9ba040306b5c6c510b6d104248fb3d') in 0.035278 seconds 
========================================================================
Received Import Request.
  Time since last request: 7.779966 seconds.
  path: Assets/Textures/weapon switch2.png
  artifactKey: Guid(c5e60a2cf6e79df4db32f8da88bb65ba) Importer(815301076,1909f56bfc062723c751e8b465ee728b)
Start importing Assets/Textures/weapon switch2.png using Guid(c5e60a2cf6e79df4db32f8da88bb65ba) Importer(815301076,1909f56bfc062723c751e8b465ee728b)  -> (artifact id: '6f548d4ffe94f985e64c7d580dccc168') in 0.010736 seconds 
AssetImportWorkerClient::OnTransportError - code=2 error=End of file
